2019-11-19 03:59:29,351 - ************************************************************** 
2019-11-19 03:59:29,351 - Starting Jakarta Velocity v1.4
2019-11-19 03:59:29,351 - RuntimeInstance initializing.
2019-11-19 03:59:29,351 - Default Properties File: org\apache\velocity\runtime\defaults\velocity.properties
2019-11-19 03:59:29,351 - Trying to use logger class org.apache.velocity.runtime.log.SimpleLog4JLogSystem
2019-11-19 03:59:29,352 - Using logger class org.apache.velocity.runtime.log.SimpleLog4JLogSystem
2019-11-19 03:59:29,353 - Default ResourceManager initializing. (class org.apache.velocity.runtime.resource.ResourceManagerImpl)
2019-11-19 03:59:29,354 - Resource Loader Instantiated: org.apache.velocity.runtime.resource.loader.ClasspathResourceLoader
2019-11-19 03:59:29,355 - ClasspathResourceLoader : initialization starting.
2019-11-19 03:59:29,355 - ClasspathResourceLoader : initialization complete.
2019-11-19 03:59:29,356 - ResourceCache : initialized. (class org.apache.velocity.runtime.resource.ResourceCacheImpl)
2019-11-19 03:59:29,356 - Default ResourceManager initialization complete.
2019-11-19 03:59:29,356 - Loaded System Directive: org.apache.velocity.runtime.directive.Literal
2019-11-19 03:59:29,357 - Loaded System Directive: org.apache.velocity.runtime.directive.Macro
2019-11-19 03:59:29,358 - Loaded System Directive: org.apache.velocity.runtime.directive.Parse
2019-11-19 03:59:29,359 - Loaded System Directive: org.apache.velocity.runtime.directive.Include
2019-11-19 03:59:29,360 - Loaded System Directive: org.apache.velocity.runtime.directive.Foreach
2019-11-19 03:59:29,373 - Created: 20 parsers.
2019-11-19 03:59:29,376 - Velocimacro : initialization starting.
2019-11-19 03:59:29,376 - Velocimacro : adding VMs from VM library template : VM_global_library.vm
2019-11-19 03:59:29,378 - ResourceManager : unable to find resource 'VM_global_library.vm' in any resource loader.
2019-11-19 03:59:29,378 - Velocimacro : error using  VM library template VM_global_library.vm : org.apache.velocity.exception.ResourceNotFoundException: Unable to find resource 'VM_global_library.vm'
2019-11-19 03:59:29,378 - Velocimacro :  VM library template macro registration complete.
2019-11-19 03:59:29,378 - Velocimacro : allowInline = true : VMs can be defined inline in templates
2019-11-19 03:59:29,378 - Velocimacro : allowInlineToOverride = false : VMs defined inline may NOT replace previous VM definitions
2019-11-19 03:59:29,378 - Velocimacro : allowInlineLocal = false : VMs defined inline will be  global in scope if allowed.
2019-11-19 03:59:29,378 - Velocimacro : messages on  : VM system will output logging messages
2019-11-19 03:59:29,378 - Velocimacro : autoload off  : VM system will not automatically reload global library macros
2019-11-19 03:59:29,378 - Velocimacro : initialization complete.
2019-11-19 03:59:29,378 - Velocity successfully started.
2019-11-19 04:05:52,822 - SimpleLog4JLogSystem initialized using logfile 'velocity.log'
2019-11-19 04:05:52,822 - ************************************************************** 
2019-11-19 04:05:52,822 - Starting Jakarta Velocity v1.4
2019-11-19 04:05:52,822 - RuntimeInstance initializing.
2019-11-19 04:05:52,822 - Default Properties File: org\apache\velocity\runtime\defaults\velocity.properties
2019-11-19 04:05:52,822 - Trying to use logger class org.apache.velocity.runtime.log.SimpleLog4JLogSystem
2019-11-19 04:05:52,822 - Using logger class org.apache.velocity.runtime.log.SimpleLog4JLogSystem
2019-11-19 04:05:52,824 - Default ResourceManager initializing. (class org.apache.velocity.runtime.resource.ResourceManagerImpl)
2019-11-19 04:05:52,825 - Resource Loader Instantiated: org.apache.velocity.runtime.resource.loader.ClasspathResourceLoader
2019-11-19 04:05:52,825 - ClasspathResourceLoader : initialization starting.
2019-11-19 04:05:52,825 - ClasspathResourceLoader : initialization complete.
2019-11-19 04:05:52,826 - ResourceCache : initialized. (class org.apache.velocity.runtime.resource.ResourceCacheImpl)
2019-11-19 04:05:52,826 - Default ResourceManager initialization complete.
2019-11-19 04:05:52,827 - Loaded System Directive: org.apache.velocity.runtime.directive.Literal
2019-11-19 04:05:52,827 - Loaded System Directive: org.apache.velocity.runtime.directive.Macro
2019-11-19 04:05:52,828 - Loaded System Directive: org.apache.velocity.runtime.directive.Parse
2019-11-19 04:05:52,829 - Loaded System Directive: org.apache.velocity.runtime.directive.Include
2019-11-19 04:05:52,830 - Loaded System Directive: org.apache.velocity.runtime.directive.Foreach
2019-11-19 04:05:52,843 - Created: 20 parsers.
2019-11-19 04:05:52,846 - Velocimacro : initialization starting.
2019-11-19 04:05:52,846 - Velocimacro : adding VMs from VM library template : VM_global_library.vm
2019-11-19 04:05:52,848 - ResourceManager : unable to find resource 'VM_global_library.vm' in any resource loader.
2019-11-19 04:05:52,848 - Velocimacro : error using  VM library template VM_global_library.vm : org.apache.velocity.exception.ResourceNotFoundException: Unable to find resource 'VM_global_library.vm'
2019-11-19 04:05:52,848 - Velocimacro :  VM library template macro registration complete.
2019-11-19 04:05:52,848 - Velocimacro : allowInline = true : VMs can be defined inline in templates
2019-11-19 04:05:52,848 - Velocimacro : allowInlineToOverride = false : VMs defined inline may NOT replace previous VM definitions
2019-11-19 04:05:52,848 - Velocimacro : allowInlineLocal = false : VMs defined inline will be  global in scope if allowed.
2019-11-19 04:05:52,848 - Velocimacro : messages on  : VM system will output logging messages
2019-11-19 04:05:52,848 - Velocimacro : autoload off  : VM system will not automatically reload global library macros
2019-11-19 04:05:52,848 - Velocimacro : initialization complete.
2019-11-19 04:05:52,848 - Velocity successfully started.
2019-11-19 04:08:53,891 - SimpleLog4JLogSystem initialized using logfile 'velocity.log'
2019-11-19 04:08:53,892 - ************************************************************** 
2019-11-19 04:08:53,892 - Starting Jakarta Velocity v1.4
2019-11-19 04:08:53,892 - RuntimeInstance initializing.
2019-11-19 04:08:53,892 - Default Properties File: org\apache\velocity\runtime\defaults\velocity.properties
2019-11-19 04:08:53,892 - Trying to use logger class org.apache.velocity.runtime.log.SimpleLog4JLogSystem
2019-11-19 04:08:53,892 - Using logger class org.apache.velocity.runtime.log.SimpleLog4JLogSystem
2019-11-19 04:08:53,893 - Default ResourceManager initializing. (class org.apache.velocity.runtime.resource.ResourceManagerImpl)
2019-11-19 04:08:53,894 - Resource Loader Instantiated: org.apache.velocity.runtime.resource.loader.ClasspathResourceLoader
2019-11-19 04:08:53,894 - ClasspathResourceLoader : initialization starting.
2019-11-19 04:08:53,894 - ClasspathResourceLoader : initialization complete.
2019-11-19 04:08:53,895 - ResourceCache : initialized. (class org.apache.velocity.runtime.resource.ResourceCacheImpl)
2019-11-19 04:08:53,895 - Default ResourceManager initialization complete.
2019-11-19 04:08:53,896 - Loaded System Directive: org.apache.velocity.runtime.directive.Literal
2019-11-19 04:08:53,896 - Loaded System Directive: org.apache.velocity.runtime.directive.Macro
2019-11-19 04:08:53,897 - Loaded System Directive: org.apache.velocity.runtime.directive.Parse
2019-11-19 04:08:53,898 - Loaded System Directive: org.apache.velocity.runtime.directive.Include
2019-11-19 04:08:53,899 - Loaded System Directive: org.apache.velocity.runtime.directive.Foreach
2019-11-19 04:08:53,912 - Created: 20 parsers.
2019-11-19 04:08:53,915 - Velocimacro : initialization starting.
2019-11-19 04:08:53,915 - Velocimacro : adding VMs from VM library template : VM_global_library.vm
2019-11-19 04:08:53,916 - ResourceManager : unable to find resource 'VM_global_library.vm' in any resource loader.
2019-11-19 04:08:53,917 - Velocimacro : error using  VM library template VM_global_library.vm : org.apache.velocity.exception.ResourceNotFoundException: Unable to find resource 'VM_global_library.vm'
2019-11-19 04:08:53,917 - Velocimacro :  VM library template macro registration complete.
2019-11-19 04:08:53,917 - Velocimacro : allowInline = true : VMs can be defined inline in templates
2019-11-19 04:08:53,917 - Velocimacro : allowInlineToOverride = false : VMs defined inline may NOT replace previous VM definitions
2019-11-19 04:08:53,917 - Velocimacro : allowInlineLocal = false : VMs defined inline will be  global in scope if allowed.
2019-11-19 04:08:53,917 - Velocimacro : messages on  : VM system will output logging messages
2019-11-19 04:08:53,917 - Velocimacro : autoload off  : VM system will not automatically reload global library macros
2019-11-19 04:08:53,917 - Velocimacro : initialization complete.
2019-11-19 04:08:53,917 - Velocity successfully started.
2019-11-19 04:11:05,613 - SimpleLog4JLogSystem initialized using logfile 'velocity.log'
2019-11-19 04:11:05,614 - ************************************************************** 
2019-11-19 04:11:05,614 - Starting Jakarta Velocity v1.4
2019-11-19 04:11:05,614 - RuntimeInstance initializing.
2019-11-19 04:11:05,614 - Default Properties File: org\apache\velocity\runtime\defaults\velocity.properties
2019-11-19 04:11:05,614 - Trying to use logger class org.apache.velocity.runtime.log.SimpleLog4JLogSystem
2019-11-19 04:11:05,614 - Using logger class org.apache.velocity.runtime.log.SimpleLog4JLogSystem
2019-11-19 04:11:05,615 - Default ResourceManager initializing. (class org.apache.velocity.runtime.resource.ResourceManagerImpl)
2019-11-19 04:11:05,616 - Resource Loader Instantiated: org.apache.velocity.runtime.resource.loader.ClasspathResourceLoader
2019-11-19 04:11:05,616 - ClasspathResourceLoader : initialization starting.
2019-11-19 04:11:05,616 - ClasspathResourceLoader : initialization complete.
2019-11-19 04:11:05,617 - ResourceCache : initialized. (class org.apache.velocity.runtime.resource.ResourceCacheImpl)
2019-11-19 04:11:05,617 - Default ResourceManager initialization complete.
2019-11-19 04:11:05,618 - Loaded System Directive: org.apache.velocity.runtime.directive.Literal
2019-11-19 04:11:05,618 - Loaded System Directive: org.apache.velocity.runtime.directive.Macro
2019-11-19 04:11:05,620 - Loaded System Directive: org.apache.velocity.runtime.directive.Parse
2019-11-19 04:11:05,620 - Loaded System Directive: org.apache.velocity.runtime.directive.Include
2019-11-19 04:11:05,621 - Loaded System Directive: org.apache.velocity.runtime.directive.Foreach
2019-11-19 04:11:05,634 - Created: 20 parsers.
2019-11-19 04:11:05,637 - Velocimacro : initialization starting.
2019-11-19 04:11:05,637 - Velocimacro : adding VMs from VM library template : VM_global_library.vm
2019-11-19 04:11:05,639 - ResourceManager : unable to find resource 'VM_global_library.vm' in any resource loader.
2019-11-19 04:11:05,639 - Velocimacro : error using  VM library template VM_global_library.vm : org.apache.velocity.exception.ResourceNotFoundException: Unable to find resource 'VM_global_library.vm'
2019-11-19 04:11:05,639 - Velocimacro :  VM library template macro registration complete.
2019-11-19 04:11:05,639 - Velocimacro : allowInline = true : VMs can be defined inline in templates
2019-11-19 04:11:05,639 - Velocimacro : allowInlineToOverride = false : VMs defined inline may NOT replace previous VM definitions
2019-11-19 04:11:05,639 - Velocimacro : allowInlineLocal = false : VMs defined inline will be  global in scope if allowed.
2019-11-19 04:11:05,639 - Velocimacro : messages on  : VM system will output logging messages
2019-11-19 04:11:05,639 - Velocimacro : autoload off  : VM system will not automatically reload global library macros
2019-11-19 04:11:05,639 - Velocimacro : initialization complete.
2019-11-19 04:11:05,639 - Velocity successfully started.
2019-11-19 04:12:00,544 - SimpleLog4JLogSystem initialized using logfile 'velocity.log'
2019-11-19 04:12:00,544 - ************************************************************** 
2019-11-19 04:12:00,545 - Starting Jakarta Velocity v1.4
2019-11-19 04:12:00,545 - RuntimeInstance initializing.
2019-11-19 04:12:00,545 - Default Properties File: org\apache\velocity\runtime\defaults\velocity.properties
2019-11-19 04:12:00,545 - Trying to use logger class org.apache.velocity.runtime.log.SimpleLog4JLogSystem
2019-11-19 04:12:00,545 - Using logger class org.apache.velocity.runtime.log.SimpleLog4JLogSystem
2019-11-19 04:12:00,546 - Default ResourceManager initializing. (class org.apache.velocity.runtime.resource.ResourceManagerImpl)
2019-11-19 04:12:00,547 - Resource Loader Instantiated: org.apache.velocity.runtime.resource.loader.ClasspathResourceLoader
2019-11-19 04:12:00,547 - ClasspathResourceLoader : initialization starting.
2019-11-19 04:12:00,547 - ClasspathResourceLoader : initialization complete.
2019-11-19 04:12:00,548 - ResourceCache : initialized. (class org.apache.velocity.runtime.resource.ResourceCacheImpl)
2019-11-19 04:12:00,548 - Default ResourceManager initialization complete.
2019-11-19 04:12:00,549 - Loaded System Directive: org.apache.velocity.runtime.directive.Literal
2019-11-19 04:12:00,550 - Loaded System Directive: org.apache.velocity.runtime.directive.Macro
2019-11-19 04:12:00,551 - Loaded System Directive: org.apache.velocity.runtime.directive.Parse
2019-11-19 04:12:00,551 - Loaded System Directive: org.apache.velocity.runtime.directive.Include
2019-11-19 04:12:00,552 - Loaded System Directive: org.apache.velocity.runtime.directive.Foreach
2019-11-19 04:12:00,566 - Created: 20 parsers.
2019-11-19 04:12:00,569 - Velocimacro : initialization starting.
2019-11-19 04:12:00,569 - Velocimacro : adding VMs from VM library template : VM_global_library.vm
2019-11-19 04:12:00,570 - ResourceManager : unable to find resource 'VM_global_library.vm' in any resource loader.
2019-11-19 04:12:00,571 - Velocimacro : error using  VM library template VM_global_library.vm : org.apache.velocity.exception.ResourceNotFoundException: Unable to find resource 'VM_global_library.vm'
2019-11-19 04:12:00,571 - Velocimacro :  VM library template macro registration complete.
2019-11-19 04:12:00,571 - Velocimacro : allowInline = true : VMs can be defined inline in templates
2019-11-19 04:12:00,571 - Velocimacro : allowInlineToOverride = false : VMs defined inline may NOT replace previous VM definitions
2019-11-19 04:12:00,571 - Velocimacro : allowInlineLocal = false : VMs defined inline will be  global in scope if allowed.
2019-11-19 04:12:00,571 - Velocimacro : messages on  : VM system will output logging messages
2019-11-19 04:12:00,571 - Velocimacro : autoload off  : VM system will not automatically reload global library macros
2019-11-19 04:12:00,571 - Velocimacro : initialization complete.
2019-11-19 04:12:00,571 - Velocity successfully started.
2019-11-19 04:12:44,335 - SimpleLog4JLogSystem initialized using logfile 'velocity.log'
2019-11-19 04:12:44,335 - ************************************************************** 
2019-11-19 04:12:44,335 - Starting Jakarta Velocity v1.4
2019-11-19 04:12:44,335 - RuntimeInstance initializing.
2019-11-19 04:12:44,335 - Default Properties File: org\apache\velocity\runtime\defaults\velocity.properties
2019-11-19 04:12:44,335 - Trying to use logger class org.apache.velocity.runtime.log.SimpleLog4JLogSystem
2019-11-19 04:12:44,335 - Using logger class org.apache.velocity.runtime.log.SimpleLog4JLogSystem
2019-11-19 04:12:44,336 - Default ResourceManager initializing. (class org.apache.velocity.runtime.resource.ResourceManagerImpl)
2019-11-19 04:12:44,337 - Resource Loader Instantiated: org.apache.velocity.runtime.resource.loader.ClasspathResourceLoader
2019-11-19 04:12:44,338 - ClasspathResourceLoader : initialization starting.
2019-11-19 04:12:44,338 - ClasspathResourceLoader : initialization complete.
2019-11-19 04:12:44,338 - ResourceCache : initialized. (class org.apache.velocity.runtime.resource.ResourceCacheImpl)
2019-11-19 04:12:44,338 - Default ResourceManager initialization complete.
2019-11-19 04:12:44,339 - Loaded System Directive: org.apache.velocity.runtime.directive.Literal
2019-11-19 04:12:44,340 - Loaded System Directive: org.apache.velocity.runtime.directive.Macro
2019-11-19 04:12:44,341 - Loaded System Directive: org.apache.velocity.runtime.directive.Parse
2019-11-19 04:12:44,342 - Loaded System Directive: org.apache.velocity.runtime.directive.Include
2019-11-19 04:12:44,342 - Loaded System Directive: org.apache.velocity.runtime.directive.Foreach
2019-11-19 04:12:44,357 - Created: 20 parsers.
2019-11-19 04:12:44,360 - Velocimacro : initialization starting.
2019-11-19 04:12:44,360 - Velocimacro : adding VMs from VM library template : VM_global_library.vm
2019-11-19 04:12:44,363 - ResourceManager : unable to find resource 'VM_global_library.vm' in any resource loader.
2019-11-19 04:12:44,363 - Velocimacro : error using  VM library template VM_global_library.vm : org.apache.velocity.exception.ResourceNotFoundException: Unable to find resource 'VM_global_library.vm'
2019-11-19 04:12:44,363 - Velocimacro :  VM library template macro registration complete.
2019-11-19 04:12:44,363 - Velocimacro : allowInline = true : VMs can be defined inline in templates
2019-11-19 04:12:44,363 - Velocimacro : allowInlineToOverride = false : VMs defined inline may NOT replace previous VM definitions
2019-11-19 04:12:44,363 - Velocimacro : allowInlineLocal = false : VMs defined inline will be  global in scope if allowed.
2019-11-19 04:12:44,363 - Velocimacro : messages on  : VM system will output logging messages
2019-11-19 04:12:44,363 - Velocimacro : autoload off  : VM system will not automatically reload global library macros
2019-11-19 04:12:44,363 - Velocimacro : initialization complete.
2019-11-19 04:12:44,363 - Velocity successfully started.
2019-11-19 04:15:13,573 - SimpleLog4JLogSystem initialized using logfile 'velocity.log'
2019-11-19 04:15:13,573 - ************************************************************** 
2019-11-19 04:15:13,573 - Starting Jakarta Velocity v1.4
2019-11-19 04:15:13,573 - RuntimeInstance initializing.
2019-11-19 04:15:13,573 - Default Properties File: org\apache\velocity\runtime\defaults\velocity.properties
2019-11-19 04:15:13,573 - Trying to use logger class org.apache.velocity.runtime.log.SimpleLog4JLogSystem
2019-11-19 04:15:13,573 - Using logger class org.apache.velocity.runtime.log.SimpleLog4JLogSystem
2019-11-19 04:15:13,574 - Default ResourceManager initializing. (class org.apache.velocity.runtime.resource.ResourceManagerImpl)
2019-11-19 04:15:13,577 - Resource Loader Instantiated: org.apache.velocity.runtime.resource.loader.ClasspathResourceLoader
2019-11-19 04:15:13,577 - ClasspathResourceLoader : initialization starting.
2019-11-19 04:15:13,577 - ClasspathResourceLoader : initialization complete.
2019-11-19 04:15:13,577 - ResourceCache : initialized. (class org.apache.velocity.runtime.resource.ResourceCacheImpl)
2019-11-19 04:15:13,577 - Default ResourceManager initialization complete.
2019-11-19 04:15:13,577 - Loaded System Directive: org.apache.velocity.runtime.directive.Literal
2019-11-19 04:15:13,578 - Loaded System Directive: org.apache.velocity.runtime.directive.Macro
2019-11-19 04:15:13,579 - Loaded System Directive: org.apache.velocity.runtime.directive.Parse
2019-11-19 04:15:13,580 - Loaded System Directive: org.apache.velocity.runtime.directive.Include
2019-11-19 04:15:13,580 - Loaded System Directive: org.apache.velocity.runtime.directive.Foreach
2019-11-19 04:15:13,594 - Created: 20 parsers.
2019-11-19 04:15:13,596 - Velocimacro : initialization starting.
2019-11-19 04:15:13,597 - Velocimacro : adding VMs from VM library template : VM_global_library.vm
2019-11-19 04:15:13,598 - ResourceManager : unable to find resource 'VM_global_library.vm' in any resource loader.
2019-11-19 04:15:13,598 - Velocimacro : error using  VM library template VM_global_library.vm : org.apache.velocity.exception.ResourceNotFoundException: Unable to find resource 'VM_global_library.vm'
2019-11-19 04:15:13,598 - Velocimacro :  VM library template macro registration complete.
2019-11-19 04:15:13,598 - Velocimacro : allowInline = true : VMs can be defined inline in templates
2019-11-19 04:15:13,598 - Velocimacro : allowInlineToOverride = false : VMs defined inline may NOT replace previous VM definitions
2019-11-19 04:15:13,599 - Velocimacro : allowInlineLocal = false : VMs defined inline will be  global in scope if allowed.
2019-11-19 04:15:13,599 - Velocimacro : messages on  : VM system will output logging messages
2019-11-19 04:15:13,599 - Velocimacro : autoload off  : VM system will not automatically reload global library macros
2019-11-19 04:15:13,599 - Velocimacro : initialization complete.
2019-11-19 04:15:13,599 - Velocity successfully started.
2019-11-19 04:17:16,321 - SimpleLog4JLogSystem initialized using logfile 'velocity.log'
2019-11-19 04:17:16,321 - ************************************************************** 
2019-11-19 04:17:16,322 - Starting Jakarta Velocity v1.4
2019-11-19 04:17:16,322 - RuntimeInstance initializing.
2019-11-19 04:17:16,322 - Default Properties File: org\apache\velocity\runtime\defaults\velocity.properties
2019-11-19 04:17:16,322 - Trying to use logger class org.apache.velocity.runtime.log.SimpleLog4JLogSystem
2019-11-19 04:17:16,322 - Using logger class org.apache.velocity.runtime.log.SimpleLog4JLogSystem
2019-11-19 04:17:16,323 - Default ResourceManager initializing. (class org.apache.velocity.runtime.resource.ResourceManagerImpl)
2019-11-19 04:17:16,324 - Resource Loader Instantiated: org.apache.velocity.runtime.resource.loader.ClasspathResourceLoader
2019-11-19 04:17:16,324 - ClasspathResourceLoader : initialization starting.
2019-11-19 04:17:16,324 - ClasspathResourceLoader : initialization complete.
2019-11-19 04:17:16,325 - ResourceCache : initialized. (class org.apache.velocity.runtime.resource.ResourceCacheImpl)
2019-11-19 04:17:16,325 - Default ResourceManager initialization complete.
2019-11-19 04:17:16,325 - Loaded System Directive: org.apache.velocity.runtime.directive.Literal
2019-11-19 04:17:16,326 - Loaded System Directive: org.apache.velocity.runtime.directive.Macro
2019-11-19 04:17:16,327 - Loaded System Directive: org.apache.velocity.runtime.directive.Parse
2019-11-19 04:17:16,328 - Loaded System Directive: org.apache.velocity.runtime.directive.Include
2019-11-19 04:17:16,328 - Loaded System Directive: org.apache.velocity.runtime.directive.Foreach
2019-11-19 04:17:16,342 - Created: 20 parsers.
2019-11-19 04:17:16,345 - Velocimacro : initialization starting.
2019-11-19 04:17:16,345 - Velocimacro : adding VMs from VM library template : VM_global_library.vm
2019-11-19 04:17:16,346 - ResourceManager : unable to find resource 'VM_global_library.vm' in any resource loader.
2019-11-19 04:17:16,347 - Velocimacro : error using  VM library template VM_global_library.vm : org.apache.velocity.exception.ResourceNotFoundException: Unable to find resource 'VM_global_library.vm'
2019-11-19 04:17:16,347 - Velocimacro :  VM library template macro registration complete.
2019-11-19 04:17:16,347 - Velocimacro : allowInline = true : VMs can be defined inline in templates
2019-11-19 04:17:16,347 - Velocimacro : allowInlineToOverride = false : VMs defined inline may NOT replace previous VM definitions
2019-11-19 04:17:16,347 - Velocimacro : allowInlineLocal = false : VMs defined inline will be  global in scope if allowed.
2019-11-19 04:17:16,347 - Velocimacro : messages on  : VM system will output logging messages
2019-11-19 04:17:16,347 - Velocimacro : autoload off  : VM system will not automatically reload global library macros
2019-11-19 04:17:16,347 - Velocimacro : initialization complete.
2019-11-19 04:17:16,347 - Velocity successfully started.
2019-11-19 04:20:51,093 - SimpleLog4JLogSystem initialized using logfile 'velocity.log'
2019-11-19 04:20:51,093 - ************************************************************** 
2019-11-19 04:20:51,093 - Starting Jakarta Velocity v1.4
2019-11-19 04:20:51,093 - RuntimeInstance initializing.
2019-11-19 04:20:51,093 - Default Properties File: org\apache\velocity\runtime\defaults\velocity.properties
2019-11-19 04:20:51,093 - Trying to use logger class org.apache.velocity.runtime.log.SimpleLog4JLogSystem
2019-11-19 04:20:51,093 - Using logger class org.apache.velocity.runtime.log.SimpleLog4JLogSystem
2019-11-19 04:20:51,095 - Default ResourceManager initializing. (class org.apache.velocity.runtime.resource.ResourceManagerImpl)
2019-11-19 04:20:51,096 - Resource Loader Instantiated: org.apache.velocity.runtime.resource.loader.ClasspathResourceLoader
2019-11-19 04:20:51,096 - ClasspathResourceLoader : initialization starting.
2019-11-19 04:20:51,096 - ClasspathResourceLoader : initialization complete.
2019-11-19 04:20:51,096 - ResourceCache : initialized. (class org.apache.velocity.runtime.resource.ResourceCacheImpl)
2019-11-19 04:20:51,096 - Default ResourceManager initialization complete.
2019-11-19 04:20:51,097 - Loaded System Directive: org.apache.velocity.runtime.directive.Literal
2019-11-19 04:20:51,098 - Loaded System Directive: org.apache.velocity.runtime.directive.Macro
2019-11-19 04:20:51,099 - Loaded System Directive: org.apache.velocity.runtime.directive.Parse
2019-11-19 04:20:51,100 - Loaded System Directive: org.apache.velocity.runtime.directive.Include
2019-11-19 04:20:51,100 - Loaded System Directive: org.apache.velocity.runtime.directive.Foreach
2019-11-19 04:20:51,114 - Created: 20 parsers.
2019-11-19 04:20:51,117 - Velocimacro : initialization starting.
2019-11-19 04:20:51,117 - Velocimacro : adding VMs from VM library template : VM_global_library.vm
2019-11-19 04:20:51,118 - ResourceManager : unable to find resource 'VM_global_library.vm' in any resource loader.
2019-11-19 04:20:51,119 - Velocimacro : error using  VM library template VM_global_library.vm : org.apache.velocity.exception.ResourceNotFoundException: Unable to find resource 'VM_global_library.vm'
2019-11-19 04:20:51,119 - Velocimacro :  VM library template macro registration complete.
2019-11-19 04:20:51,119 - Velocimacro : allowInline = true : VMs can be defined inline in templates
2019-11-19 04:20:51,119 - Velocimacro : allowInlineToOverride = false : VMs defined inline may NOT replace previous VM definitions
2019-11-19 04:20:51,119 - Velocimacro : allowInlineLocal = false : VMs defined inline will be  global in scope if allowed.
2019-11-19 04:20:51,119 - Velocimacro : messages on  : VM system will output logging messages
2019-11-19 04:20:51,119 - Velocimacro : autoload off  : VM system will not automatically reload global library macros
2019-11-19 04:20:51,119 - Velocimacro : initialization complete.
2019-11-19 04:20:51,119 - Velocity successfully started.
2019-11-19 04:22:04,284 - SimpleLog4JLogSystem initialized using logfile 'velocity.log'
2019-11-19 04:22:04,284 - ************************************************************** 
2019-11-19 04:22:04,284 - Starting Jakarta Velocity v1.4
2019-11-19 04:22:04,284 - RuntimeInstance initializing.
2019-11-19 04:22:04,284 - Default Properties File: org\apache\velocity\runtime\defaults\velocity.properties
2019-11-19 04:22:04,284 - Trying to use logger class org.apache.velocity.runtime.log.SimpleLog4JLogSystem
2019-11-19 04:22:04,284 - Using logger class org.apache.velocity.runtime.log.SimpleLog4JLogSystem
2019-11-19 04:22:04,286 - Default ResourceManager initializing. (class org.apache.velocity.runtime.resource.ResourceManagerImpl)
2019-11-19 04:22:04,287 - Resource Loader Instantiated: org.apache.velocity.runtime.resource.loader.ClasspathResourceLoader
2019-11-19 04:22:04,287 - ClasspathResourceLoader : initialization starting.
2019-11-19 04:22:04,287 - ClasspathResourceLoader : initialization complete.
2019-11-19 04:22:04,288 - ResourceCache : initialized. (class org.apache.velocity.runtime.resource.ResourceCacheImpl)
2019-11-19 04:22:04,288 - Default ResourceManager initialization complete.
2019-11-19 04:22:04,289 - Loaded System Directive: org.apache.velocity.runtime.directive.Literal
2019-11-19 04:22:04,289 - Loaded System Directive: org.apache.velocity.runtime.directive.Macro
2019-11-19 04:22:04,290 - Loaded System Directive: org.apache.velocity.runtime.directive.Parse
2019-11-19 04:22:04,291 - Loaded System Directive: org.apache.velocity.runtime.directive.Include
2019-11-19 04:22:04,292 - Loaded System Directive: org.apache.velocity.runtime.directive.Foreach
2019-11-19 04:22:04,305 - Created: 20 parsers.
2019-11-19 04:22:04,308 - Velocimacro : initialization starting.
2019-11-19 04:22:04,308 - Velocimacro : adding VMs from VM library template : VM_global_library.vm
2019-11-19 04:22:04,310 - ResourceManager : unable to find resource 'VM_global_library.vm' in any resource loader.
2019-11-19 04:22:04,310 - Velocimacro : error using  VM library template VM_global_library.vm : org.apache.velocity.exception.ResourceNotFoundException: Unable to find resource 'VM_global_library.vm'
2019-11-19 04:22:04,310 - Velocimacro :  VM library template macro registration complete.
2019-11-19 04:22:04,310 - Velocimacro : allowInline = true : VMs can be defined inline in templates
2019-11-19 04:22:04,310 - Velocimacro : allowInlineToOverride = false : VMs defined inline may NOT replace previous VM definitions
2019-11-19 04:22:04,310 - Velocimacro : allowInlineLocal = false : VMs defined inline will be  global in scope if allowed.
2019-11-19 04:22:04,310 - Velocimacro : messages on  : VM system will output logging messages
2019-11-19 04:22:04,310 - Velocimacro : autoload off  : VM system will not automatically reload global library macros
2019-11-19 04:22:04,310 - Velocimacro : initialization complete.
2019-11-19 04:22:04,310 - Velocity successfully started.
2019-11-19 04:27:09,100 - SimpleLog4JLogSystem initialized using logfile 'velocity.log'
2019-11-19 04:27:09,100 - ************************************************************** 
2019-11-19 04:27:09,100 - Starting Jakarta Velocity v1.4
2019-11-19 04:27:09,100 - RuntimeInstance initializing.
2019-11-19 04:27:09,100 - Default Properties File: org\apache\velocity\runtime\defaults\velocity.properties
2019-11-19 04:27:09,100 - Trying to use logger class org.apache.velocity.runtime.log.SimpleLog4JLogSystem
2019-11-19 04:27:09,100 - Using logger class org.apache.velocity.runtime.log.SimpleLog4JLogSystem
2019-11-19 04:27:09,102 - Default ResourceManager initializing. (class org.apache.velocity.runtime.resource.ResourceManagerImpl)
2019-11-19 04:27:09,103 - Resource Loader Instantiated: org.apache.velocity.runtime.resource.loader.ClasspathResourceLoader
2019-11-19 04:27:09,103 - ClasspathResourceLoader : initialization starting.
2019-11-19 04:27:09,103 - ClasspathResourceLoader : initialization complete.
2019-11-19 04:27:09,103 - ResourceCache : initialized. (class org.apache.velocity.runtime.resource.ResourceCacheImpl)
2019-11-19 04:27:09,103 - Default ResourceManager initialization complete.
2019-11-19 04:27:09,104 - Loaded System Directive: org.apache.velocity.runtime.directive.Literal
2019-11-19 04:27:09,105 - Loaded System Directive: org.apache.velocity.runtime.directive.Macro
2019-11-19 04:27:09,106 - Loaded System Directive: org.apache.velocity.runtime.directive.Parse
2019-11-19 04:27:09,107 - Loaded System Directive: org.apache.velocity.runtime.directive.Include
2019-11-19 04:27:09,107 - Loaded System Directive: org.apache.velocity.runtime.directive.Foreach
2019-11-19 04:27:09,120 - Created: 20 parsers.
2019-11-19 04:27:09,123 - Velocimacro : initialization starting.
2019-11-19 04:27:09,123 - Velocimacro : adding VMs from VM library template : VM_global_library.vm
2019-11-19 04:27:09,125 - ResourceManager : unable to find resource 'VM_global_library.vm' in any resource loader.
2019-11-19 04:27:09,125 - Velocimacro : error using  VM library template VM_global_library.vm : org.apache.velocity.exception.ResourceNotFoundException: Unable to find resource 'VM_global_library.vm'
2019-11-19 04:27:09,125 - Velocimacro :  VM library template macro registration complete.
2019-11-19 04:27:09,125 - Velocimacro : allowInline = true : VMs can be defined inline in templates
2019-11-19 04:27:09,125 - Velocimacro : allowInlineToOverride = false : VMs defined inline may NOT replace previous VM definitions
2019-11-19 04:27:09,125 - Velocimacro : allowInlineLocal = false : VMs defined inline will be  global in scope if allowed.
2019-11-19 04:27:09,125 - Velocimacro : messages on  : VM system will output logging messages
2019-11-19 04:27:09,126 - Velocimacro : autoload off  : VM system will not automatically reload global library macros
2019-11-19 04:27:09,126 - Velocimacro : initialization complete.
2019-11-19 04:27:09,126 - Velocity successfully started.
